<?xml version="1.0" encoding="UTF-8"?>
<!-- Generated by org.testng.reporters.JUnitXMLReporter -->
<testsuite ignored="0" hostname="LAPTOP-DUJFBR3O" failures="0" tests="3" name="Chrome on Windows 10" time="157.451" errors="0" timestamp="2024-12-14T15:57:14 IST">
  <testcase classname="seleniumPKG.window_10_Chrome_Selenium" name="testSimpleFormDemo" time="5.759"/>
  <testcase classname="seleniumPKG.window_10_Chrome_Selenium" name="testDragAndDropSlider" time="5.513"/>
  <testcase classname="seleniumPKG.window_10_Chrome_Selenium" name="testInputFormSubmit" time="9.489"/>
</testsuite> <!-- Chrome on Windows 10 -->
