<?xml version="1.0" encoding="UTF-8"?>
<!-- Generated by org.testng.reporters.JUnitXMLReporter -->
<testsuite ignored="0" hostname="LAPTOP-DUJFBR3O" failures="0" tests="3" name="Firefox on Windows 11" time="188.655" errors="0" timestamp="2024-12-14T15:57:46 IST">
  <testcase classname="seleniumPKG.window_10_FFox_Selenium" name="testSimpleFormDemo" time="10.09"/>
  <testcase classname="seleniumPKG.window_10_FFox_Selenium" name="testDragAndDropSlider" time="13.575"/>
  <testcase classname="seleniumPKG.window_10_FFox_Selenium" name="testInputFormSubmit" time="22.257"/>
</testsuite> <!-- Firefox on Windows 11 -->
